0 info it worked if it ends with ok
1 verbose cli [ '/home/arthur/.nvm/versions/node/v4.2.2/bin/node',
1 verbose cli   '/home/arthur/.nvm/versions/node/v4.2.2/bin/npm',
1 verbose cli   'run',
1 verbose cli   'build:sass' ]
2 info using npm@3.10.5
3 info using node@v4.2.2
4 verbose run-script [ 'prebuild:sass', 'build:sass', 'postbuild:sass' ]
5 info lifecycle asfadf.github.io@1.0.0~prebuild:sass: asfadf.github.io@1.0.0
6 silly lifecycle asfadf.github.io@1.0.0~prebuild:sass: no script for prebuild:sass, continuing
7 info lifecycle asfadf.github.io@1.0.0~build:sass: asfadf.github.io@1.0.0
8 verbose lifecycle asfadf.github.io@1.0.0~build:sass: unsafe-perm in lifecycle true
9 verbose lifecycle asfadf.github.io@1.0.0~build:sass: PATH: /home/arthur/.nvm/versions/node/v4.2.2/lib/node_modules/npm/bin/node-gyp-bin:/home/arthur/projetos/asfa/asfadf.github.io/node_modules/.bin:/home/arthur/.nvm/versions/node/v4.2.2/bin:/home/arthur/.nvm/versions/node/v4.2.2/lib/node_modules/npm/bin/node-gyp-bin:/home/arthur/projetos/asfa/asfadf.github.io/node_modules/.bin:/home/arthur/.nvm/versions/node/v4.2.2/bin:/home/arthur/.nvm/versions/node/v4.2.2/bin:/usr/local/heroku/bin:/home/arthur/.pyenv/plugins/pyenv-virtualenv/shims:/home/arthur/.pyenv/libexec:/home/arthur/.pyenv/plugins/python-build/bin:/home/arthur/.pyenv/plugins/pyenv-virtualenv/bin:/home/arthur/.pyenv/plugins/pyenv-update/bin:/home/arthur/.pyenv/plugins/pyenv-installer/bin:/home/arthur/.pyenv/plugins/pyenv-doctor/bin:/home/arthur/.pyenv/shims:/home/arthur/.pyenv/bin:/home/arthur/.pyenv/plugins/pyenv-virtualenv/shims:/home/arthur/.pyenv/libexec:/home/arthur/.pyenv/plugins/python-build/bin:/home/arthur/.pyenv/plugins/pyenv-virtualenv/bin:/home/arthur/.pyenv/plugins/pyenv-update/bin:/home/arthur/.pyenv/plugins/pyenv-installer/bin:/home/arthur/.pyenv/plugins/pyenv-doctor/bin:/home/arthur/.pyenv/shims:/home/arthur/.pyenv/bin:/usr/local/sbin:/usr/local/bin:/usr/sbin:/usr/bin:/sbin:/bin:/usr/games:/usr/local/games:/home/arthur/projetos/novatics/caixa/ferramentas/apache-maven-3.3.9/bin:/home/arthur/node-v4.2.2/bin:/opt/android-studio/bin:/opt/android/tools:/opt/android/platform-tools:/home/arthur/opt/gradle/bin
10 verbose lifecycle asfadf.github.io@1.0.0~build:sass: CWD: /home/arthur/projetos/asfa/asfadf.github.io
11 silly lifecycle asfadf.github.io@1.0.0~build:sass: Args: [ '-c', 'sass sass/creative.scss css/creative.css --watch' ]
12 silly lifecycle asfadf.github.io@1.0.0~build:sass: Returned: code: 1  signal: null
13 info lifecycle asfadf.github.io@1.0.0~build:sass: Failed to exec build:sass script
14 verbose stack Error: asfadf.github.io@1.0.0 build:sass: `sass sass/creative.scss css/creative.css --watch`
14 verbose stack Exit status 1
14 verbose stack     at EventEmitter.<anonymous> (/home/arthur/.nvm/versions/node/v4.2.2/lib/node_modules/npm/lib/utils/lifecycle.js:242:16)
14 verbose stack     at emitTwo (events.js:87:13)
14 verbose stack     at EventEmitter.emit (events.js:172:7)
14 verbose stack     at ChildProcess.<anonymous> (/home/arthur/.nvm/versions/node/v4.2.2/lib/node_modules/npm/lib/utils/spawn.js:40:14)
14 verbose stack     at emitTwo (events.js:87:13)
14 verbose stack     at ChildProcess.emit (events.js:172:7)
14 verbose stack     at maybeClose (internal/child_process.js:818:16)
14 verbose stack     at Process.ChildProcess._handle.onexit (internal/child_process.js:211:5)
15 verbose pkgid asfadf.github.io@1.0.0
16 verbose cwd /home/arthur/projetos/asfa/asfadf.github.io
17 error Linux 4.4.0-31-generic
18 error argv "/home/arthur/.nvm/versions/node/v4.2.2/bin/node" "/home/arthur/.nvm/versions/node/v4.2.2/bin/npm" "run" "build:sass"
19 error node v4.2.2
20 error npm  v3.10.5
21 error code ELIFECYCLE
22 error asfadf.github.io@1.0.0 build:sass: `sass sass/creative.scss css/creative.css --watch`
22 error Exit status 1
23 error Failed at the asfadf.github.io@1.0.0 build:sass script 'sass sass/creative.scss css/creative.css --watch'.
23 error Make sure you have the latest version of node.js and npm installed.
23 error If you do, this is most likely a problem with the asfadf.github.io package,
23 error not with npm itself.
23 error Tell the author that this fails on your system:
23 error     sass sass/creative.scss css/creative.css --watch
23 error You can get information on how to open an issue for this project with:
23 error     npm bugs asfadf.github.io
23 error Or if that isn't available, you can get their info via:
23 error     npm owner ls asfadf.github.io
23 error There is likely additional logging output above.
24 verbose exit [ 1, true ]
